This file contains any messages produced by compilers while
running configure, to aid debugging if configure makes a mistake.

It was created by valadoc configure 0.36.0, which was
generated by GNU Autoconf 2.69.  Invocation command line was

  $ ./configure 

## --------- ##
## Platform. ##
## --------- ##

hostname = SlaveBox
uname -m = x86_64
uname -r = 4.8.0-58-generic
uname -s = Linux
uname -v = #63~16.04.1-Ubuntu SMP Mon Jun 26 18:08:51 UTC 2017

/usr/bin/uname -p = unknown
/bin/uname -X     = unknown

/bin/arch              = unknown
/usr/bin/arch -k       = unknown
/usr/convex/getsysinfo = unknown
/usr/bin/hostinfo      = unknown
/bin/machine           = unknown
/usr/bin/oslevel       = unknown
/bin/universe          = unknown

PATH: /home/karottop/bin
PATH: /home/karottop/.local/bin
PATH: /usr/local/sbin
PATH: /usr/local/bin
PATH: /usr/sbin
PATH: /usr/bin
PATH: /sbin
PATH: /bin
PATH: /usr/games
PATH: /usr/local/games
PATH: /snap/bin
PATH: /usr/lib/jvm/java-8-oracle/bin
PATH: /usr/lib/jvm/java-8-oracle/db/bin
PATH: /usr/lib/jvm/java-8-oracle/jre/bin


## ----------- ##
## Core tests. ##
## ----------- ##

configure:2059: checking whether make supports nested variables
configure:2076: result: yes
configure:2138: checking for a BSD-compatible install
configure:2206: result: /usr/bin/install -c
configure:2217: checking whether build environment is sane
configure:2272: result: yes
configure:2423: checking for a thread-safe mkdir -p
configure:2462: result: /bin/mkdir -p
configure:2469: checking for gawk
configure:2485: found /usr/bin/gawk
configure:2496: result: gawk
configure:2507: checking whether make sets $(MAKE)
configure:2529: result: yes
configure:2625: checking whether UID '1000' is supported by ustar format
configure:2628: result: yes
configure:2635: checking whether GID '1000' is supported by ustar format
configure:2638: result: yes
configure:2646: checking how to create a ustar tar archive
configure:2657: tar --version
tar (GNU tar) 1.28
Copyright (C) 2014 Free Software Foundation, Inc.
License GPLv3+: GNU GPL version 3 or later <http://gnu.org/licenses/gpl.html>.
This is free software: you are free to change and redistribute it.
There is NO WARRANTY, to the extent permitted by law.

Written by John Gilmore and Jay Fenlason.
configure:2660: $? = 0
configure:2700: tardir=conftest.dir && eval tar --format=ustar -chf - "$tardir" >conftest.tar
configure:2703: $? = 0
configure:2707: tar -xf - <conftest.tar
configure:2710: $? = 0
configure:2712: cat conftest.dir/file
GrepMe
configure:2715: $? = 0
configure:2728: result: gnutar
configure:2780: checking whether to enable maintainer-specific portions of Makefiles
configure:2789: result: yes
configure:2851: checking for gcc
configure:2867: found /usr/bin/gcc
configure:2878: result: gcc
configure:3107: checking for C compiler version
configure:3116: gcc --version >&5
gcc (Ubuntu 5.4.0-6ubuntu1~16.04.4) 5.4.0 20160609
Copyright (C) 2015 Free Software Foundation, Inc.
This is free software; see the source for copying conditions.  There is NO
warranty; not even for MERCHANTABILITY or FITNESS FOR A PARTICULAR PURPOSE.

configure:3127: $? = 0
configure:3116: gcc -v >&5
Using built-in specs.
COLLECT_GCC=gcc
COLLECT_LTO_WRAPPER=/usr/lib/gcc/x86_64-linux-gnu/5/lto-wrapper
Target: x86_64-linux-gnu
Configured with: ../src/configure -v --with-pkgversion='Ubuntu 5.4.0-6ubuntu1~16.04.4' --with-bugurl=file:///usr/share/doc/gcc-5/README.Bugs --enable-languages=c,ada,c++,java,go,d,fortran,objc,obj-c++ --prefix=/usr --program-suffix=-5 --enable-shared --enable-linker-build-id --libexecdir=/usr/lib --without-included-gettext --enable-threads=posix --libdir=/usr/lib --enable-nls --with-sysroot=/ --enable-clocale=gnu --enable-libstdcxx-debug --enable-libstdcxx-time=yes --with-default-libstdcxx-abi=new --enable-gnu-unique-object --disable-vtable-verify --enable-libmpx --enable-plugin --with-system-zlib --disable-browser-plugin --enable-java-awt=gtk --enable-gtk-cairo --with-java-home=/usr/lib/jvm/java-1.5.0-gcj-5-amd64/jre --enable-java-home --with-jvm-root-dir=/usr/lib/jvm/java-1.5.0-gcj-5-amd64 --with-jvm-jar-dir=/usr/lib/jvm-exports/java-1.5.0-gcj-5-amd64 --with-arch-directory=amd64 --with-ecj-jar=/usr/share/java/eclipse-ecj.jar --enable-objc-gc --enable-multiarch --disable-werror --with-arch-32=i686 --with-abi=m64 --with-multilib-list=m32,m64,mx32 --enable-multilib --with-tune=generic --enable-checking=release --build=x86_64-linux-gnu --host=x86_64-linux-gnu --target=x86_64-linux-gnu
Thread model: posix
gcc version 5.4.0 20160609 (Ubuntu 5.4.0-6ubuntu1~16.04.4) 
configure:3127: $? = 0
configure:3116: gcc -V >&5
gcc: error: unrecognized command line option '-V'
gcc: fatal error: no input files
compilation terminated.
configure:3127: $? = 1
configure:3116: gcc -qversion >&5
gcc: error: unrecognized command line option '-qversion'
gcc: fatal error: no input files
compilation terminated.
configure:3127: $? = 1
configure:3147: checking whether the C compiler works
configure:3169: gcc    conftest.c  >&5
configure:3173: $? = 0
configure:3221: result: yes
configure:3224: checking for C compiler default output file name
configure:3226: result: a.out
configure:3232: checking for suffix of executables
configure:3239: gcc -o conftest    conftest.c  >&5
configure:3243: $? = 0
configure:3265: result: 
configure:3287: checking whether we are cross compiling
configure:3295: gcc -o conftest    conftest.c  >&5
configure:3299: $? = 0
configure:3306: ./conftest
configure:3310: $? = 0
configure:3325: result: no
configure:3330: checking for suffix of object files
configure:3352: gcc -c   conftest.c >&5
configure:3356: $? = 0
configure:3377: result: o
configure:3381: checking whether we are using the GNU C compiler
configure:3400: gcc -c   conftest.c >&5
configure:3400: $? = 0
configure:3409: result: yes
configure:3418: checking whether gcc accepts -g
configure:3438: gcc -c -g  conftest.c >&5
configure:3438: $? = 0
configure:3479: result: yes
configure:3496: checking for gcc option to accept ISO C89
configure:3559: gcc  -c -g -O2  conftest.c >&5
configure:3559: $? = 0
configure:3572: result: none needed
configure:3597: checking whether gcc understands -c and -o together
configure:3619: gcc -c conftest.c -o conftest2.o
configure:3622: $? = 0
configure:3619: gcc -c conftest.c -o conftest2.o
configure:3622: $? = 0
configure:3634: result: yes
configure:3662: checking for style of include used by make
configure:3690: result: GNU
configure:3716: checking dependency style of gcc
configure:3827: result: gcc3

## ---------------- ##
## Cache variables. ##
## ---------------- ##

ac_cv_c_compiler_gnu=yes
ac_cv_env_CC_set=
ac_cv_env_CC_value=
ac_cv_env_CFLAGS_set=
ac_cv_env_CFLAGS_value=
ac_cv_env_CPPFLAGS_set=
ac_cv_env_CPPFLAGS_value=
ac_cv_env_GLIB_CFLAGS_set=
ac_cv_env_GLIB_CFLAGS_value=
ac_cv_env_GLIB_LIBS_set=
ac_cv_env_GLIB_LIBS_value=
ac_cv_env_GMODULE_CFLAGS_set=
ac_cv_env_GMODULE_CFLAGS_value=
ac_cv_env_GMODULE_LIBS_set=
ac_cv_env_GMODULE_LIBS_value=
ac_cv_env_LDFLAGS_set=
ac_cv_env_LDFLAGS_value=
ac_cv_env_LIBGEE_CFLAGS_set=
ac_cv_env_LIBGEE_CFLAGS_value=
ac_cv_env_LIBGEE_LIBS_set=
ac_cv_env_LIBGEE_LIBS_value=
ac_cv_env_LIBGVC_CFLAGS_set=
ac_cv_env_LIBGVC_CFLAGS_value=
ac_cv_env_LIBGVC_LIBS_set=
ac_cv_env_LIBGVC_LIBS_value=
ac_cv_env_LIBS_set=
ac_cv_env_LIBS_value=
ac_cv_env_LIBVALA_0_20_X_CFLAGS_set=
ac_cv_env_LIBVALA_0_20_X_CFLAGS_value=
ac_cv_env_LIBVALA_0_20_X_LIBS_set=
ac_cv_env_LIBVALA_0_20_X_LIBS_value=
ac_cv_env_LIBVALA_0_22_X_CFLAGS_set=
ac_cv_env_LIBVALA_0_22_X_CFLAGS_value=
ac_cv_env_LIBVALA_0_22_X_LIBS_set=
ac_cv_env_LIBVALA_0_22_X_LIBS_value=
ac_cv_env_LIBVALA_0_24_X_CFLAGS_set=
ac_cv_env_LIBVALA_0_24_X_CFLAGS_value=
ac_cv_env_LIBVALA_0_24_X_LIBS_set=
ac_cv_env_LIBVALA_0_24_X_LIBS_value=
ac_cv_env_LIBVALA_0_26_X_CFLAGS_set=
ac_cv_env_LIBVALA_0_26_X_CFLAGS_value=
ac_cv_env_LIBVALA_0_26_X_LIBS_set=
ac_cv_env_LIBVALA_0_26_X_LIBS_value=
ac_cv_env_LIBVALA_0_28_X_CFLAGS_set=
ac_cv_env_LIBVALA_0_28_X_CFLAGS_value=
ac_cv_env_LIBVALA_0_28_X_LIBS_set=
ac_cv_env_LIBVALA_0_28_X_LIBS_value=
ac_cv_env_LIBVALA_0_30_X_CFLAGS_set=
ac_cv_env_LIBVALA_0_30_X_CFLAGS_value=
ac_cv_env_LIBVALA_0_30_X_LIBS_set=
ac_cv_env_LIBVALA_0_30_X_LIBS_value=
ac_cv_env_LIBVALA_0_32_X_CFLAGS_set=
ac_cv_env_LIBVALA_0_32_X_CFLAGS_value=
ac_cv_env_LIBVALA_0_32_X_LIBS_set=
ac_cv_env_LIBVALA_0_32_X_LIBS_value=
ac_cv_env_LIBVALA_0_34_X_CFLAGS_set=
ac_cv_env_LIBVALA_0_34_X_CFLAGS_value=
ac_cv_env_LIBVALA_0_34_X_LIBS_set=
ac_cv_env_LIBVALA_0_34_X_LIBS_value=
ac_cv_env_LIBVALA_0_36_X_CFLAGS_set=
ac_cv_env_LIBVALA_0_36_X_CFLAGS_value=
ac_cv_env_LIBVALA_0_36_X_LIBS_set=
ac_cv_env_LIBVALA_0_36_X_LIBS_value=
ac_cv_env_PKG_CONFIG_LIBDIR_set=
ac_cv_env_PKG_CONFIG_LIBDIR_value=
ac_cv_env_PKG_CONFIG_PATH_set=
ac_cv_env_PKG_CONFIG_PATH_value=
ac_cv_env_PKG_CONFIG_set=
ac_cv_env_PKG_CONFIG_value=
ac_cv_env_build_alias_set=
ac_cv_env_build_alias_value=
ac_cv_env_host_alias_set=
ac_cv_env_host_alias_value=
ac_cv_env_target_alias_set=
ac_cv_env_target_alias_value=
ac_cv_objext=o
ac_cv_path_install='/usr/bin/install -c'
ac_cv_path_mkdir=/bin/mkdir
ac_cv_prog_AWK=gawk
ac_cv_prog_ac_ct_CC=gcc
ac_cv_prog_cc_c89=
ac_cv_prog_cc_g=yes
ac_cv_prog_make_make_set=yes
am_cv_CC_dependencies_compiler_type=gcc3
am_cv_make_support_nested_variables=yes
am_cv_prog_cc_c_o=yes
am_cv_prog_tar_ustar=gnutar

## ----------------- ##
## Output variables. ##
## ----------------- ##

ACLOCAL='${SHELL} /home/karottop/Desktop/valadoc/build-aux/missing aclocal-1.15'
AMDEPBACKSLASH='\'
AMDEP_FALSE='#'
AMDEP_TRUE=''
AMTAR='$${TAR-tar}'
AM_BACKSLASH='\'
AM_DEFAULT_V='$(AM_DEFAULT_VERBOSITY)'
AM_DEFAULT_VERBOSITY='0'
AM_V='$(V)'
AUTOCONF='${SHELL} /home/karottop/Desktop/valadoc/build-aux/missing autoconf'
AUTOHEADER='${SHELL} /home/karottop/Desktop/valadoc/build-aux/missing autoheader'
AUTOMAKE='${SHELL} /home/karottop/Desktop/valadoc/build-aux/missing automake-1.15'
AWK='gawk'
CC='gcc'
CCDEPMODE='depmode=gcc3'
CFLAGS='-g -O2'
CPPFLAGS=''
CYGPATH_W='echo'
DEFS=''
DEPDIR='.deps'
ECHO_C=''
ECHO_N='-n'
ECHO_T=''
EXEEXT=''
GLIB_CFLAGS=''
GLIB_LIBS=''
GMODULE_CFLAGS=''
GMODULE_LIBS=''
HAVE_CGRAPH_FALSE=''
HAVE_CGRAPH_TRUE=''
HAVE_HELP2MAN_FALSE=''
HAVE_HELP2MAN_TRUE=''
HAVE_LIBVALA_0_20_X_FALSE=''
HAVE_LIBVALA_0_20_X_TRUE=''
HAVE_LIBVALA_0_22_X_FALSE=''
HAVE_LIBVALA_0_22_X_TRUE=''
HAVE_LIBVALA_0_24_X_FALSE=''
HAVE_LIBVALA_0_24_X_TRUE=''
HAVE_LIBVALA_0_26_X_FALSE=''
HAVE_LIBVALA_0_26_X_TRUE=''
HAVE_LIBVALA_0_28_X_FALSE=''
HAVE_LIBVALA_0_28_X_TRUE=''
HAVE_LIBVALA_0_30_X_FALSE=''
HAVE_LIBVALA_0_30_X_TRUE=''
HAVE_LIBVALA_0_32_X_FALSE=''
HAVE_LIBVALA_0_32_X_TRUE=''
HAVE_LIBVALA_0_34_X_FALSE=''
HAVE_LIBVALA_0_34_X_TRUE=''
HAVE_LIBVALA_0_36_X_FALSE=''
HAVE_LIBVALA_0_36_X_TRUE=''
HELP2MAN=''
INSTALL_DATA='${INSTALL} -m 644'
INSTALL_PROGRAM='${INSTALL}'
INSTALL_SCRIPT='${INSTALL}'
INSTALL_STRIP_PROGRAM='$(install_sh) -c -s'
LDFLAGS=''
LIBGEE_CFLAGS=''
LIBGEE_LIBS=''
LIBGVC_CFLAGS=''
LIBGVC_LIBS=''
LIBOBJS=''
LIBS=''
LIBVALA_0_20_X_CFLAGS=''
LIBVALA_0_20_X_LIBS=''
LIBVALA_0_22_X_CFLAGS=''
LIBVALA_0_22_X_LIBS=''
LIBVALA_0_24_X_CFLAGS=''
LIBVALA_0_24_X_LIBS=''
LIBVALA_0_26_X_CFLAGS=''
LIBVALA_0_26_X_LIBS=''
LIBVALA_0_28_X_CFLAGS=''
LIBVALA_0_28_X_LIBS=''
LIBVALA_0_30_X_CFLAGS=''
LIBVALA_0_30_X_LIBS=''
LIBVALA_0_32_X_CFLAGS=''
LIBVALA_0_32_X_LIBS=''
LIBVALA_0_34_X_CFLAGS=''
LIBVALA_0_34_X_LIBS=''
LIBVALA_0_36_X_CFLAGS=''
LIBVALA_0_36_X_LIBS=''
LTLIBOBJS=''
MAINT=''
MAINTAINER_MODE_FALSE='#'
MAINTAINER_MODE_TRUE=''
MAKEINFO='${SHELL} /home/karottop/Desktop/valadoc/build-aux/missing makeinfo'
MKDIR_P='/bin/mkdir -p'
OBJEXT='o'
PACKAGE='valadoc'
PACKAGE_BUGREPORT='https://bugzilla.gnome.org/browse.cgi?product=valadoc'
PACKAGE_NAME='valadoc'
PACKAGE_STRING='valadoc 0.36.0'
PACKAGE_TARNAME='valadoc'
PACKAGE_URL='https://wiki.gnome.org/Projects/Valadoc'
PACKAGE_VERSION='0.36.0'
PATH_SEPARATOR=':'
PKG_CONFIG=''
PKG_CONFIG_LIBDIR=''
PKG_CONFIG_PATH=''
SET_MAKE=''
SHELL='/bin/bash'
STRIP=''
VALAC=''
VALAFLAGS=''
VERSION='0.36.0'
ac_ct_CC='gcc'
am__EXEEXT_FALSE=''
am__EXEEXT_TRUE=''
am__fastdepCC_FALSE='#'
am__fastdepCC_TRUE=''
am__include='include'
am__isrc=''
am__leading_dot='.'
am__nodep='_no'
am__quote=''
am__tar='tar --format=ustar -chf - "$$tardir"'
am__untar='tar -xf -'
bindir='${exec_prefix}/bin'
build_alias=''
datadir='${datarootdir}'
datarootdir='${prefix}/share'
docdir='${datarootdir}/doc/${PACKAGE_TARNAME}'
dvidir='${docdir}'
exec_prefix='NONE'
host_alias=''
htmldir='${docdir}'
includedir='${prefix}/include'
infodir='${datarootdir}/info'
install_sh='${SHELL} /home/karottop/Desktop/valadoc/build-aux/install-sh'
libdir='${exec_prefix}/lib'
libexecdir='${exec_prefix}/libexec'
localedir='${datarootdir}/locale'
localstatedir='${prefix}/var'
mandir='${datarootdir}/man'
mkdir_p='$(MKDIR_P)'
oldincludedir='/usr/include'
pdfdir='${docdir}'
prefix='NONE'
program_transform_name='s,x,x,'
psdir='${docdir}'
runstatedir='${localstatedir}/run'
sbindir='${exec_prefix}/sbin'
sharedstatedir='${prefix}/com'
sysconfdir='${prefix}/etc'
target_alias=''

## ----------- ##
## confdefs.h. ##
## ----------- ##

/* confdefs.h */
#define PACKAGE_NAME "valadoc"
#define PACKAGE_TARNAME "valadoc"
#define PACKAGE_VERSION "0.36.0"
#define PACKAGE_STRING "valadoc 0.36.0"
#define PACKAGE_BUGREPORT "https://bugzilla.gnome.org/browse.cgi?product=valadoc"
#define PACKAGE_URL "https://wiki.gnome.org/Projects/Valadoc"
#define PACKAGE "valadoc"
#define VERSION "0.36.0"

configure: exit 2
